Start testing: Jun 26 23:48 India Standard Time
----------------------------------------------------------
1/22 Testing: S = 0 is handled with no NaN/Inf
1/22 Test: S = 0 is handled with no NaN/Inf
Command: "C:/projects/options pricing engine/build/unit_tests.exe" "S = 0 is handled with no NaN/Inf"
Directory: C:/projects/options pricing engine/build
"S = 0 is handled with no NaN/Inf" start time: Jun 26 23:48 India Standard Time
Output:
----------------------------------------------------------
Filters: "S = 0 is handled with no NaN/Inf"
Randomness seeded to: 3584814649
===============================================================================
All tests passed (14 assertions in 1 test case)

<end of output>
Test time =   0.06 sec
----------------------------------------------------------
Test Passed.
"S = 0 is handled with no NaN/Inf" end time: Jun 26 23:48 India Standard Time
"S = 0 is handled with no NaN/Inf" time elapsed: 00:00:00
----------------------------------------------------------

2/22 Testing: norm_cdf is monotone, bounded, and symmetric
2/22 Test: norm_cdf is monotone, bounded, and symmetric
Command: "C:/projects/options pricing engine/build/unit_tests.exe" "norm_cdf is monotone\, bounded\, and symmetric"
Directory: C:/projects/options pricing engine/build
"norm_cdf is monotone, bounded, and symmetric" start time: Jun 26 23:48 India Standard Time
Output:
----------------------------------------------------------
Filters: "norm_cdf is monotone\, bounded\, and symmetric"
Randomness seeded to: 1368782691
===============================================================================
All tests passed (5000 assertions in 1 test case)

<end of output>
Test time =   0.02 sec
----------------------------------------------------------
Test Passed.
"norm_cdf is monotone, bounded, and symmetric" end time: Jun 26 23:48 India Standard Time
"norm_cdf is monotone, bounded, and symmetric" time elapsed: 00:00:00
----------------------------------------------------------

3/22 Testing: Stress grid: never NaN/Inf across extreme parameter combinations
3/22 Test: Stress grid: never NaN/Inf across extreme parameter combinations
Command: "C:/projects/options pricing engine/build/unit_tests.exe" "Stress grid: never NaN/Inf across extreme parameter combinations"
Directory: C:/projects/options pricing engine/build
"Stress grid: never NaN/Inf across extreme parameter combinations" start time: Jun 26 23:48 India Standard Time
Output:
----------------------------------------------------------
Filters: "Stress grid: never NaN/Inf across extreme parameter combinations"
Randomness seeded to: 447874902
===============================================================================
All tests passed (42000 assertions in 1 test case)

<end of output>
Test time =   0.02 sec
----------------------------------------------------------
Test Passed.
"Stress grid: never NaN/Inf across extreme parameter combinations" end time: Jun 26 23:48 India Standard Time
"Stress grid: never NaN/Inf across extreme parameter combinations" time elapsed: 00:00:00
----------------------------------------------------------

4/22 Testing: is_finite helper
4/22 Test: is_finite helper
Command: "C:/projects/options pricing engine/build/unit_tests.exe" "is_finite helper"
Directory: C:/projects/options pricing engine/build
"is_finite helper" start time: Jun 26 23:48 India Standard Time
Output:
----------------------------------------------------------
Filters: "is_finite helper"
Randomness seeded to: 1195011072
===============================================================================
All tests passed (4 assertions in 1 test case)

<end of output>
Test time =   0.01 sec
----------------------------------------------------------
Test Passed.
"is_finite helper" end time: Jun 26 23:48 India Standard Time
"is_finite helper" time elapsed: 00:00:00
----------------------------------------------------------

5/22 Testing: norm_cdf saturates cleanly in the tails
5/22 Test: norm_cdf saturates cleanly in the tails
Command: "C:/projects/options pricing engine/build/unit_tests.exe" "norm_cdf saturates cleanly in the tails"
Directory: C:/projects/options pricing engine/build
"norm_cdf saturates cleanly in the tails" start time: Jun 26 23:48 India Standard Time
Output:
----------------------------------------------------------
Filters: "norm_cdf saturates cleanly in the tails"
Randomness seeded to: 3907653416
===============================================================================
All tests passed (6 assertions in 1 test case)

<end of output>
Test time =   0.01 sec
----------------------------------------------------------
Test Passed.
"norm_cdf saturates cleanly in the tails" end time: Jun 26 23:48 India Standard Time
"norm_cdf saturates cleanly in the tails" time elapsed: 00:00:00
----------------------------------------------------------

6/22 Testing: Reference Greeks for the ATM example
6/22 Test: Reference Greeks for the ATM example
Command: "C:/projects/options pricing engine/build/unit_tests.exe" "Reference Greeks for the ATM example"
Directory: C:/projects/options pricing engine/build
"Reference Greeks for the ATM example" start time: Jun 26 23:48 India Standard Time
Output:
----------------------------------------------------------
Filters: "Reference Greeks for the ATM example"
Randomness seeded to: 2573931642
===============================================================================
All tests passed (5 assertions in 1 test case)

<end of output>
Test time =   0.02 sec
----------------------------------------------------------
Test Passed.
"Reference Greeks for the ATM example" end time: Jun 26 23:48 India Standard Time
"Reference Greeks for the ATM example" time elapsed: 00:00:00
----------------------------------------------------------

7/22 Testing: safe_exp never overflows and underflows to zero
7/22 Test: safe_exp never overflows and underflows to zero
Command: "C:/projects/options pricing engine/build/unit_tests.exe" "safe_exp never overflows and underflows to zero"
Directory: C:/projects/options pricing engine/build
"safe_exp never overflows and underflows to zero" start time: Jun 26 23:48 India Standard Time
Output:
----------------------------------------------------------
Filters: "safe_exp never overflows and underflows to zero"
Randomness seeded to: 1043516265
===============================================================================
All tests passed (7 assertions in 1 test case)

<end of output>
Test time =   0.01 sec
----------------------------------------------------------
Test Passed.
"safe_exp never overflows and underflows to zero" end time: Jun 26 23:48 India Standard Time
"safe_exp never overflows and underflows to zero" time elapsed: 00:00:00
----------------------------------------------------------

8/22 Testing: American >= European; American call w/o dividends == European
8/22 Test: American >= European; American call w/o dividends == European
Command: "C:/projects/options pricing engine/build/unit_tests.exe" "American >= European; American call w/o dividends == European"
Directory: C:/projects/options pricing engine/build
"American >= European; American call w/o dividends == European" start time: Jun 26 23:48 India Standard Time
Output:
----------------------------------------------------------
Filters: "American >= European; American call w/o dividends == European"
Randomness seeded to: 2242721394
===============================================================================
All tests passed (3 assertions in 1 test case)

<end of output>
Test time =   0.02 sec
----------------------------------------------------------
Test Passed.
"American >= European; American call w/o dividends == European" end time: Jun 26 23:48 India Standard Time
"American >= European; American call w/o dividends == European" time elapsed: 00:00:00
----------------------------------------------------------

9/22 Testing: European call/put match textbook reference
9/22 Test: European call/put match textbook reference
Command: "C:/projects/options pricing engine/build/unit_tests.exe" "European call/put match textbook reference"
Directory: C:/projects/options pricing engine/build
"European call/put match textbook reference" start time: Jun 26 23:48 India Standard Time
Output:
----------------------------------------------------------
Filters: "European call/put match textbook reference"
Randomness seeded to: 1238857527
===============================================================================
All tests passed (2 assertions in 1 test case)

<end of output>
Test time =   0.02 sec
----------------------------------------------------------
Test Passed.
"European call/put match textbook reference" end time: Jun 26 23:48 India Standard Time
"European call/put match textbook reference" time elapsed: 00:00:00
----------------------------------------------------------

10/22 Testing: Put-call parity holds to machine precision
10/22 Test: Put-call parity holds to machine precision
Command: "C:/projects/options pricing engine/build/unit_tests.exe" "Put-call parity holds to machine precision"
Directory: C:/projects/options pricing engine/build
"Put-call parity holds to machine precision" start time: Jun 26 23:48 India Standard Time
Output:
----------------------------------------------------------
Filters: "Put-call parity holds to machine precision"
Randomness seeded to: 362301652
===============================================================================
All tests passed (4 assertions in 1 test case)

<end of output>
Test time =   0.02 sec
----------------------------------------------------------
Test Passed.
"Put-call parity holds to machine precision" end time: Jun 26 23:48 India Standard Time
"Put-call parity holds to machine precision" time elapsed: 00:00:00
----------------------------------------------------------

11/22 Testing: Binomial tree stays finite on degenerate inputs
11/22 Test: Binomial tree stays finite on degenerate inputs
Command: "C:/projects/options pricing engine/build/unit_tests.exe" "Binomial tree stays finite on degenerate inputs"
Directory: C:/projects/options pricing engine/build
"Binomial tree stays finite on degenerate inputs" start time: Jun 26 23:48 India Standard Time
Output:
----------------------------------------------------------
Filters: "Binomial tree stays finite on degenerate inputs"
Randomness seeded to: 2653572931
===============================================================================
All tests passed (216 assertions in 1 test case)

<end of output>
Test time =   0.02 sec
----------------------------------------------------------
Test Passed.
"Binomial tree stays finite on degenerate inputs" end time: Jun 26 23:48 India Standard Time
"Binomial tree stays finite on degenerate inputs" time elapsed: 00:00:00
----------------------------------------------------------

12/22 Testing: norm_cdf known values
12/22 Test: norm_cdf known values
Command: "C:/projects/options pricing engine/build/unit_tests.exe" "norm_cdf known values"
Directory: C:/projects/options pricing engine/build
"norm_cdf known values" start time: Jun 26 23:48 India Standard Time
Output:
----------------------------------------------------------
Filters: "norm_cdf known values"
Randomness seeded to: 2704653929
===============================================================================
All tests passed (5 assertions in 1 test case)

<end of output>
Test time =   0.01 sec
----------------------------------------------------------
Test Passed.
"norm_cdf known values" end time: Jun 26 23:48 India Standard Time
"norm_cdf known values" time elapsed: 00:00:00
----------------------------------------------------------

13/22 Testing: T = 0 returns intrinsic value, finite Greeks
13/22 Test: T = 0 returns intrinsic value, finite Greeks
Command: "C:/projects/options pricing engine/build/unit_tests.exe" "T = 0 returns intrinsic value\, finite Greeks"
Directory: C:/projects/options pricing engine/build
"T = 0 returns intrinsic value, finite Greeks" start time: Jun 26 23:48 India Standard Time
Output:
----------------------------------------------------------
Filters: "T = 0 returns intrinsic value\, finite Greeks"
Randomness seeded to: 4183434100
===============================================================================
All tests passed (32 assertions in 1 test case)

<end of output>
Test time =   0.02 sec
----------------------------------------------------------
Test Passed.
"T = 0 returns intrinsic value, finite Greeks" end time: Jun 26 23:48 India Standard Time
"T = 0 returns intrinsic value, finite Greeks" time elapsed: 00:00:00
----------------------------------------------------------

14/22 Testing: sigma = 0 gives the deterministic forward value
14/22 Test: sigma = 0 gives the deterministic forward value
Command: "C:/projects/options pricing engine/build/unit_tests.exe" "sigma = 0 gives the deterministic forward value"
Directory: C:/projects/options pricing engine/build
"sigma = 0 gives the deterministic forward value" start time: Jun 26 23:48 India Standard Time
Output:
----------------------------------------------------------
Filters: "sigma = 0 gives the deterministic forward value"
Randomness seeded to: 2492133672
===============================================================================
All tests passed (16 assertions in 1 test case)

<end of output>
Test time =   0.01 sec
----------------------------------------------------------
Test Passed.
"sigma = 0 gives the deterministic forward value" end time: Jun 26 23:48 India Standard Time
"sigma = 0 gives the deterministic forward value" time elapsed: 00:00:00
----------------------------------------------------------

15/22 Testing: CRR European price converges to closed-form BSM
15/22 Test: CRR European price converges to closed-form BSM
Command: "C:/projects/options pricing engine/build/unit_tests.exe" "CRR European price converges to closed-form BSM"
Directory: C:/projects/options pricing engine/build
"CRR European price converges to closed-form BSM" start time: Jun 26 23:48 India Standard Time
Output:
----------------------------------------------------------
Filters: "CRR European price converges to closed-form BSM"
Randomness seeded to: 396293354
===============================================================================
All tests passed (1 assertion in 1 test case)

<end of output>
Test time =   0.02 sec
----------------------------------------------------------
Test Passed.
"CRR European price converges to closed-form BSM" end time: Jun 26 23:48 India Standard Time
"CRR European price converges to closed-form BSM" time elapsed: 00:00:00
----------------------------------------------------------

16/22 Testing: Tree does not silently misprice low effective volatility
16/22 Test: Tree does not silently misprice low effective volatility
Command: "C:/projects/options pricing engine/build/unit_tests.exe" "Tree does not silently misprice low effective volatility"
Directory: C:/projects/options pricing engine/build
"Tree does not silently misprice low effective volatility" start time: Jun 26 23:48 India Standard Time
Output:
----------------------------------------------------------
Filters: "Tree does not silently misprice low effective volatility"
Randomness seeded to: 4002087289
===============================================================================
All tests passed (8 assertions in 1 test case)

<end of output>
Test time =   0.02 sec
----------------------------------------------------------
Test Passed.
"Tree does not silently misprice low effective volatility" end time: Jun 26 23:48 India Standard Time
"Tree does not silently misprice low effective volatility" time elapsed: 00:00:00
----------------------------------------------------------

17/22 Testing: Deep ITM / OTM produce no overflow, sane limits
17/22 Test: Deep ITM / OTM produce no overflow, sane limits
Command: "C:/projects/options pricing engine/build/unit_tests.exe" "Deep ITM / OTM produce no overflow\, sane limits"
Directory: C:/projects/options pricing engine/build
"Deep ITM / OTM produce no overflow, sane limits" start time: Jun 26 23:48 India Standard Time
Output:
----------------------------------------------------------
Filters: "Deep ITM / OTM produce no overflow\, sane limits"
Randomness seeded to: 2909526295
===============================================================================
All tests passed (24 assertions in 1 test case)

<end of output>
Test time =   0.02 sec
----------------------------------------------------------
Test Passed.
"Deep ITM / OTM produce no overflow, sane limits" end time: Jun 26 23:48 India Standard Time
"Deep ITM / OTM produce no overflow, sane limits" time elapsed: 00:00:00
----------------------------------------------------------

18/22 Testing: Batch SoA API reproduces the scalar pricer exactly
18/22 Test: Batch SoA API reproduces the scalar pricer exactly
Command: "C:/projects/options pricing engine/build/unit_tests.exe" "Batch SoA API reproduces the scalar pricer exactly"
Directory: C:/projects/options pricing engine/build
"Batch SoA API reproduces the scalar pricer exactly" start time: Jun 26 23:48 India Standard Time
Output:
----------------------------------------------------------
Filters: "Batch SoA API reproduces the scalar pricer exactly"
Randomness seeded to: 3028532460
===============================================================================
All tests passed (43 assertions in 1 test case)

<end of output>
Test time =   0.02 sec
----------------------------------------------------------
Test Passed.
"Batch SoA API reproduces the scalar pricer exactly" end time: Jun 26 23:48 India Standard Time
"Batch SoA API reproduces the scalar pricer exactly" time elapsed: 00:00:00
----------------------------------------------------------

19/22 Testing: norm_pdf known values and tails
19/22 Test: norm_pdf known values and tails
Command: "C:/projects/options pricing engine/build/unit_tests.exe" "norm_pdf known values and tails"
Directory: C:/projects/options pricing engine/build
"norm_pdf known values and tails" start time: Jun 26 23:48 India Standard Time
Output:
----------------------------------------------------------
Filters: "norm_pdf known values and tails"
Randomness seeded to: 905458251
===============================================================================
All tests passed (6 assertions in 1 test case)

<end of output>
Test time =   0.01 sec
----------------------------------------------------------
Test Passed.
"norm_pdf known values and tails" end time: Jun 26 23:48 India Standard Time
"norm_pdf known values and tails" time elapsed: 00:00:00
----------------------------------------------------------

20/22 Testing: norm_cdf is accurate deep in the tails
20/22 Test: norm_cdf is accurate deep in the tails
Command: "C:/projects/options pricing engine/build/unit_tests.exe" "norm_cdf is accurate deep in the tails"
Directory: C:/projects/options pricing engine/build
"norm_cdf is accurate deep in the tails" start time: Jun 26 23:48 India Standard Time
Output:
----------------------------------------------------------
Filters: "norm_cdf is accurate deep in the tails"
Randomness seeded to: 3618051472
===============================================================================
All tests passed (5 assertions in 1 test case)

<end of output>
Test time =   0.02 sec
----------------------------------------------------------
Test Passed.
"norm_cdf is accurate deep in the tails" end time: Jun 26 23:48 India Standard Time
"norm_cdf is accurate deep in the tails" time elapsed: 00:00:00
----------------------------------------------------------

21/22 Testing: Batch of 50: price + 5 Greeks under 5 ms
21/22 Test: Batch of 50: price + 5 Greeks under 5 ms
Command: "C:/projects/options pricing engine/build/unit_tests.exe" "Batch of 50: price + 5 Greeks under 5 ms"
Directory: C:/projects/options pricing engine/build
"Batch of 50: price + 5 Greeks under 5 ms" start time: Jun 26 23:48 India Standard Time
Output:
----------------------------------------------------------
Filters: "Batch of 50: price + 5 Greeks under 5 ms"
Randomness seeded to: 68733912
[performance] batch-of-50 price+Greeks: median 14.6 us, p99 45.6 us (limit 5000 us)
===============================================================================
All tests passed (303 assertions in 1 test case)

<end of output>
Test time =   0.02 sec
----------------------------------------------------------
Test Passed.
"Batch of 50: price + 5 Greeks under 5 ms" end time: Jun 26 23:48 India Standard Time
"Batch of 50: price + 5 Greeks under 5 ms" time elapsed: 00:00:00
----------------------------------------------------------

22/22 Testing: Analytical Greeks match central finite differences within 1e-6
22/22 Test: Analytical Greeks match central finite differences within 1e-6
Command: "C:/projects/options pricing engine/build/unit_tests.exe" "Analytical Greeks match central finite differences within 1e-6"
Directory: C:/projects/options pricing engine/build
"Analytical Greeks match central finite differences within 1e-6" start time: Jun 26 23:48 India Standard Time
Output:
----------------------------------------------------------
Filters: "Analytical Greeks match central finite differences within 1e-6"
Randomness seeded to: 2867282811
===============================================================================
All tests passed (50 assertions in 1 test case)

<end of output>
Test time =   0.01 sec
----------------------------------------------------------
Test Passed.
"Analytical Greeks match central finite differences within 1e-6" end time: Jun 26 23:48 India Standard Time
"Analytical Greeks match central finite differences within 1e-6" time elapsed: 00:00:00
----------------------------------------------------------

End testing: Jun 26 23:48 India Standard Time
